<?xml version="1.0" encoding="UTF-8"?>
<testsuite xmlns:xsi="http://www.w3.org/2001/XMLSchema-instance" xsi:noNamespaceSchemaLocation="https://maven.apache.org/surefire/maven-surefire-plugin/xsd/surefire-test-report-3.0.xsd" version="3.0" name="com.marzz.maintenance_management_service.MaintenanceManagementServiceApplicationTests" time="15.142" tests="1" errors="0" skipped="0" failures="0">
  <properties>
[...]
</properties>
  <testcase name="contextLoads" classname="com.marzz.maintenance_management_service.MaintenanceManagementServiceApplicationTests" time="0.791">
    <system-out><![CDATA[18:33:46.678 [main] INFO org.springframework.test.context.support.AnnotationConfigContextLoaderUtils -- Could not detect default configuration classes for test class [com.marzz.maintenance_management_service.MaintenanceManagementServiceApplicationTests]: MaintenanceManagementServiceApplicationTests does not declare any static, non-private, non-final, nested classes annotated with @Configuration.
18:33:46.898 [main] INFO org.springframework.boot.test.context.SpringBootTestContextBootstrapper -- Found @SpringBootConfiguration com.marzz.maintenance_management_service.MaintenanceManagementServiceApplication for test class com.marzz.maintenance_management_service.MaintenanceManagementServiceApplicationTests

  .   ____          _            __ _ _
 /\\ / ___'_ __ _ _(_)_ __  __ _ \ \ \ \
( ( )\___ | '_ | '_| | '_ \/ _` | \ \ \ \
 \\/  ___)| |_)| | | | | || (_| |  ) ) ) )
  '  |____| .__|_| |_|_| |_\__, | / / / /
 =========|_|==============|___/=/_/_/_/

 :: Spring Boot ::                (v3.3.3)

2024-09-14T18:33:47.604-05:00  INFO 3516 --- [           main] tenanceManagementServiceApplicationTests : Starting MaintenanceManagementServiceApplicationTests using Java 20.0.1 with PID 3516 (started by Marzzio in D:\Estudios\Proyectos X\maintenance_management_service)
2024-09-14T18:33:47.606-05:00  INFO 3516 --- [           main] tenanceManagementServiceApplicationTests : No active profile set, falling back to 1 default profile: "default"
2024-09-14T18:33:49.469-05:00  INFO 3516 --- [           main] .s.d.r.c.RepositoryConfigurationDelegate : Bootstrapping Spring Data JPA repositories in DEFAULT mode.
2024-09-14T18:33:49.611-05:00  INFO 3516 --- [           main] .s.d.r.c.RepositoryConfigurationDelegate : Finished Spring Data repository scanning in 125 ms. Found 4 JPA repository interfaces.
2024-09-14T18:33:50.594-05:00  INFO 3516 --- [           main] o.hibernate.jpa.internal.util.LogHelper  : HHH000204: Processing PersistenceUnitInfo [name: default]
2024-09-14T18:33:50.740-05:00  INFO 3516 --- [           main] org.hibernate.Version                    : HHH000412: Hibernate ORM core version 6.5.2.Final
2024-09-14T18:33:50.800-05:00  INFO 3516 --- [           main] o.h.c.internal.RegionFactoryInitiator    : HHH000026: Second-level cache disabled
2024-09-14T18:33:51.482-05:00  INFO 3516 --- [           main] o.s.o.j.p.SpringPersistenceUnitInfo      : No LoadTimeWeaver setup: ignoring JPA class transformer
2024-09-14T18:33:51.550-05:00  INFO 3516 --- [           main] com.zaxxer.hikari.HikariDataSource       : HikariPool-1 - Starting...
2024-09-14T18:33:53.910-05:00  INFO 3516 --- [           main] com.zaxxer.hikari.pool.HikariPool        : HikariPool-1 - Added connection org.postgresql.jdbc.PgConnection@3d132bb6
2024-09-14T18:33:53.913-05:00  INFO 3516 --- [           main] com.zaxxer.hikari.HikariDataSource       : HikariPool-1 - Start completed.
2024-09-14T18:33:56.136-05:00  INFO 3516 --- [           main] o.h.e.t.j.p.i.JtaPlatformInitiator       : HHH000489: No JTA platform available (set 'hibernate.transaction.jta.platform' to enable JTA platform integration)
Hibernate: create table machines (id integer generated by default as identity, acquisition_date date, last_maintenance date, name varchar(255), photo varchar(255), status varchar(255), type varchar(255), useful_life integer, user_id integer, primary key (id))
Hibernate: create table maintenances (id integer generated by default as identity, cost bigint, date date, description varchar(255), quantity integer, machine_id integer, spare_part_id integer, primary key (id))
Hibernate: create table spare_parts (id integer generated by default as identity, code varchar(255), name varchar(255), price bigint, quantity integer, supplier varchar(255), user_id integer, primary key (id))
Hibernate: create table users (id integer generated by default as identity, email varchar(255), password varchar(255), username varchar(255), primary key (id))
Hibernate: alter table if exists machines add constraint FKiwt27q0hklrg1m5qsen7wh3uu foreign key (user_id) references users
Hibernate: alter table if exists maintenances add constraint FK3lu212paubrfpq4b8i4e9sldl foreign key (machine_id) references machines
Hibernate: alter table if exists maintenances add constraint FKalhidj77ohx2iwxluqqsb5bub foreign key (spare_part_id) references spare_parts
Hibernate: alter table if exists spare_parts add constraint FK14mik33grox9u318b5erstw5c foreign key (user_id) references users
2024-09-14T18:33:58.396-05:00  INFO 3516 --- [           main] j.LocalContainerEntityManagerFactoryBean : Initialized JPA EntityManagerFactory for persistence unit 'default'
2024-09-14T18:33:59.067-05:00  INFO 3516 --- [           main] r$InitializeUserDetailsManagerConfigurer : Global AuthenticationManager configured with UserDetailsService bean with name userDetailsServiceImpl
2024-09-14T18:33:59.403-05:00  WARN 3516 --- [           main] JpaBaseConfiguration$JpaWebConfiguration : spring.jpa.open-in-view is enabled by default. Therefore, database queries may be performed during view rendering. Explicitly configure spring.jpa.open-in-view to disable this warning
2024-09-14T18:34:00.659-05:00  INFO 3516 --- [           main] tenanceManagementServiceApplicationTests : Started MaintenanceManagementServiceApplicationTests in 13.498 seconds (process running for 15.301)
]]></system-out>
  </testcase>
</testsuite>